INFO  23-06-21 22:43:57[restartedMain] [MyBoardApplication:55] - Starting MyBoardApplication using Java 11.0.16 on DESKTOP-6936PDD with PID 21332 (E:\Coding\MyBoard_Web\MyBoard\out\production\classes started by xocns in E:\Coding\MyBoard_Web\MyBoard)
INFO  23-06-21 22:43:57[restartedMain] [MyBoardApplication:640] - No active profile set, falling back to 1 default profile: "default"
INFO  23-06-21 22:43:57[restartedMain] [DevToolsPropertyDefaultsPostProcessor:255] - Devtools property defaults active! Set 'spring.devtools.add-properties' to 'false' to disable
INFO  23-06-21 22:43:57[restartedMain] [DevToolsPropertyDefaultsPostProcessor:255] - For additional web related logging consider setting the 'logging.level.web' property to 'DEBUG'
INFO  23-06-21 22:43:57[restartedMain] [RepositoryConfigurationDelegate:132] - Bootstrapping Spring Data JPA repositories in DEFAULT mode.
INFO  23-06-21 22:43:57[restartedMain] [RepositoryConfigurationDelegate:201] - Finished Spring Data repository scanning in 66 ms. Found 7 JPA repository interfaces.
INFO  23-06-21 22:43:59[restartedMain] [TomcatWebServer:108] - Tomcat initialized with port(s): 8080 (http)
INFO  23-06-21 22:43:59[restartedMain] [Http11NioProtocol:173] - Initializing ProtocolHandler ["http-nio-8080"]
INFO  23-06-21 22:43:59[restartedMain] [StandardService:173] - Starting service [Tomcat]
INFO  23-06-21 22:43:59[restartedMain] [StandardEngine:173] - Starting Servlet engine: [Apache Tomcat/9.0.62]
INFO  23-06-21 22:43:59[restartedMain] [[/]:173] - Initializing Spring embedded WebApplicationContext
INFO  23-06-21 22:43:59[restartedMain] [ServletWebServerApplicationContext:290] - Root WebApplicationContext: initialization completed in 2012 ms
INFO  23-06-21 22:43:59[restartedMain] [LogHelper:31] - HHH000204: Processing PersistenceUnitInfo [name: default]
INFO  23-06-21 22:43:59[restartedMain] [Version:44] - HHH000412: Hibernate ORM core version 5.6.8.Final
INFO  23-06-21 22:43:59[restartedMain] [Version:56] - HCANN000001: Hibernate Commons Annotations {5.1.2.Final}
INFO  23-06-21 22:43:59[restartedMain] [HikariDataSource:110] - HikariPool-1 - Starting...
INFO  23-06-21 22:43:59[restartedMain] [HikariDataSource:123] - HikariPool-1 - Start completed.
INFO  23-06-21 22:43:59[restartedMain] [Dialect:175] - HHH000400: Using dialect: org.hibernate.dialect.MySQL57Dialect
INFO  23-06-21 22:44:00[restartedMain] [JtaPlatformInitiator:52] - HHH000490: Using JtaPlatform implementation: [org.hibernate.engine.transaction.jta.platform.internal.NoJtaPlatform]
INFO  23-06-21 22:44:00[restartedMain] [LocalContainerEntityManagerFactoryBean:437] - Initialized JPA EntityManagerFactory for persistence unit 'default'
INFO  23-06-21 22:44:01[restartedMain] [DefaultSecurityFilterChain:55] - Will secure any request with [org.springframework.security.web.context.request.async.WebAsyncManagerIntegrationFilter@71b4d62f, org.springframework.security.web.context.SecurityContextPersistenceFilter@69891847, org.springframework.security.web.header.HeaderWriterFilter@6c056c26, org.springframework.security.web.authentication.logout.LogoutFilter@11771d5d, org.springframework.security.web.authentication.UsernamePasswordAuthenticationFilter@f4cc50b, org.springframework.security.web.session.ConcurrentSessionFilter@359ee4ba, org.springframework.security.web.savedrequest.RequestCacheAwareFilter@6764a6e9, org.springframework.security.web.servletapi.SecurityContextHolderAwareRequestFilter@6ff689ce, org.springframework.security.web.authentication.rememberme.RememberMeAuthenticationFilter@7209e9df, org.springframework.security.web.authentication.AnonymousAuthenticationFilter@4a120e6b, org.springframework.security.web.session.SessionManagementFilter@2002562, org.springframework.security.web.access.ExceptionTranslationFilter@12bf283f, org.springframework.security.web.access.intercept.FilterSecurityInterceptor@6ddf0c97]
WARN  23-06-21 22:44:01[restartedMain] [JpaBaseConfiguration$JpaWebConfiguration:219] - spring.jpa.open-in-view is enabled by default. Therefore, database queries may be performed during view rendering. Explicitly configure spring.jpa.open-in-view to disable this warning
INFO  23-06-21 22:44:01[restartedMain] [OptionalLiveReloadServer:58] - LiveReload server is running on port 35729
INFO  23-06-21 22:44:01[restartedMain] [Http11NioProtocol:173] - Starting ProtocolHandler ["http-nio-8080"]
INFO  23-06-21 22:44:01[restartedMain] [TomcatWebServer:220] - Tomcat started on port(s): 8080 (http) with context path ''
INFO  23-06-21 22:44:01[restartedMain] [MyBoardApplication:61] - Started MyBoardApplication in 5.339 seconds (JVM running for 5.914)
INFO  23-06-21 22:44:13[SpringApplicationShutdownHook] [LocalContainerEntityManagerFactoryBean:651] - Closing JPA EntityManagerFactory for persistence unit 'default'
INFO  23-06-21 22:44:13[SpringApplicationShutdownHook] [HikariDataSource:350] - HikariPool-1 - Shutdown initiated...
INFO  23-06-21 22:44:13[SpringApplicationShutdownHook] [HikariDataSource:352] - HikariPool-1 - Shutdown completed.
INFO  23-06-21 22:49:26[restartedMain] [MyBoardApplication:55] - Starting MyBoardApplication using Java 11.0.16 on DESKTOP-6936PDD with PID 29196 (E:\Coding\MyBoard_Web\MyBoard\out\production\classes started by xocns in E:\Coding\MyBoard_Web\MyBoard)
INFO  23-06-21 22:49:26[restartedMain] [MyBoardApplication:640] - No active profile set, falling back to 1 default profile: "default"
INFO  23-06-21 22:49:26[restartedMain] [DevToolsPropertyDefaultsPostProcessor:255] - Devtools property defaults active! Set 'spring.devtools.add-properties' to 'false' to disable
INFO  23-06-21 22:49:26[restartedMain] [DevToolsPropertyDefaultsPostProcessor:255] - For additional web related logging consider setting the 'logging.level.web' property to 'DEBUG'
INFO  23-06-21 22:49:26[restartedMain] [RepositoryConfigurationDelegate:132] - Bootstrapping Spring Data JPA repositories in DEFAULT mode.
INFO  23-06-21 22:49:26[restartedMain] [RepositoryConfigurationDelegate:201] - Finished Spring Data repository scanning in 61 ms. Found 7 JPA repository interfaces.
INFO  23-06-21 22:49:28[restartedMain] [TomcatWebServer:108] - Tomcat initialized with port(s): 8080 (http)
INFO  23-06-21 22:49:28[restartedMain] [Http11NioProtocol:173] - Initializing ProtocolHandler ["http-nio-8080"]
INFO  23-06-21 22:49:28[restartedMain] [StandardService:173] - Starting service [Tomcat]
INFO  23-06-21 22:49:28[restartedMain] [StandardEngine:173] - Starting Servlet engine: [Apache Tomcat/9.0.62]
INFO  23-06-21 22:49:28[restartedMain] [[/]:173] - Initializing Spring embedded WebApplicationContext
INFO  23-06-21 22:49:28[restartedMain] [ServletWebServerApplicationContext:290] - Root WebApplicationContext: initialization completed in 2090 ms
ERROR 23-06-21 22:49:28[restartedMain] [HikariConfig:1028] - HikariPool-1 - dataSource or dataSourceClassName or jdbcUrl is required.
WARN  23-06-21 22:49:28[restartedMain] [AnnotationConfigServletWebServerApplicationContext:591] - Exception encountered during context initialization - cancelling refresh attempt: org.springframework.beans.factory.BeanCreationException: Error creating bean with name 'entityManagerFactory' defined in class path resource [org/springframework/boot/autoconfigure/orm/jpa/HibernateJpaConfiguration.class]: Bean instantiation via factory method failed; nested exception is org.springframework.beans.BeanInstantiationException: Failed to instantiate [org.springframework.orm.jpa.LocalContainerEntityManagerFactoryBean]: Factory method 'entityManagerFactory' threw exception; nested exception is java.lang.IllegalArgumentException: dataSource or dataSourceClassName or jdbcUrl is required.
INFO  23-06-21 22:49:28[restartedMain] [StandardService:173] - Stopping service [Tomcat]
INFO  23-06-21 22:49:28[restartedMain] [ConditionEvaluationReportLoggingListener:136] - 

Error starting ApplicationContext. To display the conditions report re-run your application with 'debug' enabled.
ERROR 23-06-21 22:49:28[restartedMain] [SpringApplication:830] - Application run failed
org.springframework.beans.factory.BeanCreationException: Error creating bean with name 'entityManagerFactory' defined in class path resource [org/springframework/boot/autoconfigure/orm/jpa/HibernateJpaConfiguration.class]: Bean instantiation via factory method failed; nested exception is org.springframework.beans.BeanInstantiationException: Failed to instantiate [org.springframework.orm.jpa.LocalContainerEntityManagerFactoryBean]: Factory method 'entityManagerFactory' threw exception; nested exception is java.lang.IllegalArgumentException: dataSource or dataSourceClassName or jdbcUrl is required.
	at org.springframework.beans.factory.support.ConstructorResolver.instantiate(ConstructorResolver.java:658)
	at org.springframework.beans.factory.support.ConstructorResolver.instantiateUsingFactoryMethod(ConstructorResolver.java:638)
	at org.springframework.beans.factory.support.AbstractAutowireCapableBeanFactory.instantiateUsingFactoryMethod(AbstractAutowireCapableBeanFactory.java:1352)
	at org.springframework.beans.factory.support.AbstractAutowireCapableBeanFactory.createBeanInstance(AbstractAutowireCapableBeanFactory.java:1195)
	at org.springframework.beans.factory.support.AbstractAutowireCapableBeanFactory.doCreateBean(AbstractAutowireCapableBeanFactory.java:582)
	at org.springframework.beans.factory.support.AbstractAutowireCapableBeanFactory.createBean(AbstractAutowireCapableBeanFactory.java:542)
	at org.springframework.beans.factory.support.AbstractBeanFactory.lambda$doGetBean$0(AbstractBeanFactory.java:335)
	at org.springframework.beans.factory.support.DefaultSingletonBeanRegistry.getSingleton(DefaultSingletonBeanRegistry.java:234)
	at org.springframework.beans.factory.support.AbstractBeanFactory.doGetBean(AbstractBeanFactory.java:333)
	at org.springframework.beans.factory.support.AbstractBeanFactory.getBean(AbstractBeanFactory.java:208)
	at org.springframework.context.support.AbstractApplicationContext.getBean(AbstractApplicationContext.java:1154)
	at org.springframework.context.support.AbstractApplicationContext.finishBeanFactoryInitialization(AbstractApplicationContext.java:908)
	at org.springframework.context.support.AbstractApplicationContext.refresh(AbstractApplicationContext.java:583)
	at org.springframework.boot.web.servlet.context.ServletWebServerApplicationContext.refresh(ServletWebServerApplicationContext.java:145)
	at org.springframework.boot.SpringApplication.refresh(SpringApplication.java:740)
	at org.springframework.boot.SpringApplication.refreshContext(SpringApplication.java:415)
	at org.springframework.boot.SpringApplication.run(SpringApplication.java:303)
	at org.springframework.boot.SpringApplication.run(SpringApplication.java:1312)
	at org.springframework.boot.SpringApplication.run(SpringApplication.java:1301)
	at com.ltj.myboard.MyBoardApplication.main(MyBoardApplication.java:10)
	at java.base/jdk.internal.reflect.NativeMethodAccessorImpl.invoke0(Native Method)
	at java.base/jdk.internal.reflect.NativeMethodAccessorImpl.invoke(NativeMethodAccessorImpl.java:62)
	at java.base/jdk.internal.reflect.DelegatingMethodAccessorImpl.invoke(DelegatingMethodAccessorImpl.java:43)
	at java.base/java.lang.reflect.Method.invoke(Method.java:566)
	at org.springframework.boot.devtools.restart.RestartLauncher.run(RestartLauncher.java:49)
Caused by: org.springframework.beans.BeanInstantiationException: Failed to instantiate [org.springframework.orm.jpa.LocalContainerEntityManagerFactoryBean]: Factory method 'entityManagerFactory' threw exception; nested exception is java.lang.IllegalArgumentException: dataSource or dataSourceClassName or jdbcUrl is required.
	at org.springframework.beans.factory.support.SimpleInstantiationStrategy.instantiate(SimpleInstantiationStrategy.java:185)
	at org.springframework.beans.factory.support.ConstructorResolver.instantiate(ConstructorResolver.java:653)
	... 24 common frames omitted
Caused by: java.lang.IllegalArgumentException: dataSource or dataSourceClassName or jdbcUrl is required.
	at com.zaxxer.hikari.HikariConfig.validate(HikariConfig.java:1029)
	at com.zaxxer.hikari.HikariDataSource.getConnection(HikariDataSource.java:109)
	at org.springframework.jdbc.datasource.DataSourceUtils.fetchConnection(DataSourceUtils.java:159)
	at org.springframework.jdbc.datasource.DataSourceUtils.doGetConnection(DataSourceUtils.java:117)
	at org.springframework.jdbc.datasource.DataSourceUtils.getConnection(DataSourceUtils.java:80)
	at org.springframework.jdbc.core.JdbcTemplate.execute(JdbcTemplate.java:330)
	at org.springframework.boot.jdbc.EmbeddedDatabaseConnection.isEmbedded(EmbeddedDatabaseConnection.java:162)
	at org.springframework.boot.autoconfigure.orm.jpa.HibernateDefaultDdlAutoProvider.getDefaultDdlAuto(HibernateDefaultDdlAutoProvider.java:42)
	at org.springframework.boot.autoconfigure.orm.jpa.HibernateJpaConfiguration.lambda$getVendorProperties$1(HibernateJpaConfiguration.java:130)
	at org.springframework.boot.autoconfigure.orm.jpa.HibernateSettings.getDdlAuto(HibernateSettings.java:41)
	at org.springframework.boot.autoconfigure.orm.jpa.HibernateProperties.determineDdlAuto(HibernateProperties.java:143)
	at org.springframework.boot.autoconfigure.orm.jpa.HibernateProperties.getAdditionalProperties(HibernateProperties.java:103)
	at org.springframework.boot.autoconfigure.orm.jpa.HibernateProperties.determineHibernateProperties(HibernateProperties.java:95)
	at org.springframework.boot.autoconfigure.orm.jpa.HibernateJpaConfiguration.getVendorProperties(HibernateJpaConfiguration.java:132)
	at org.springframework.boot.autoconfigure.orm.jpa.JpaBaseConfiguration.entityManagerFactory(JpaBaseConfiguration.java:132)
	at java.base/jdk.internal.reflect.NativeMethodAccessorImpl.invoke0(Native Method)
	at java.base/jdk.internal.reflect.NativeMethodAccessorImpl.invoke(NativeMethodAccessorImpl.java:62)
	at java.base/jdk.internal.reflect.DelegatingMethodAccessorImpl.invoke(DelegatingMethodAccessorImpl.java:43)
	at java.base/java.lang.reflect.Method.invoke(Method.java:566)
	at org.springframework.beans.factory.support.SimpleInstantiationStrategy.instantiate(SimpleInstantiationStrategy.java:154)
	... 25 common frames omitted
INFO  23-06-21 22:50:25[restartedMain] [MyBoardApplication:55] - Starting MyBoardApplication using Java 11.0.16 on DESKTOP-6936PDD with PID 25480 (E:\Coding\MyBoard_Web\MyBoard\out\production\classes started by xocns in E:\Coding\MyBoard_Web\MyBoard)
INFO  23-06-21 22:50:25[restartedMain] [MyBoardApplication:640] - No active profile set, falling back to 1 default profile: "default"
INFO  23-06-21 22:50:25[restartedMain] [DevToolsPropertyDefaultsPostProcessor:255] - Devtools property defaults active! Set 'spring.devtools.add-properties' to 'false' to disable
INFO  23-06-21 22:50:25[restartedMain] [DevToolsPropertyDefaultsPostProcessor:255] - For additional web related logging consider setting the 'logging.level.web' property to 'DEBUG'
INFO  23-06-21 22:50:26[restartedMain] [RepositoryConfigurationDelegate:132] - Bootstrapping Spring Data JPA repositories in DEFAULT mode.
INFO  23-06-21 22:50:26[restartedMain] [RepositoryConfigurationDelegate:201] - Finished Spring Data repository scanning in 71 ms. Found 7 JPA repository interfaces.
INFO  23-06-21 22:50:27[restartedMain] [TomcatWebServer:108] - Tomcat initialized with port(s): 8080 (http)
INFO  23-06-21 22:50:27[restartedMain] [Http11NioProtocol:173] - Initializing ProtocolHandler ["http-nio-8080"]
INFO  23-06-21 22:50:27[restartedMain] [StandardService:173] - Starting service [Tomcat]
INFO  23-06-21 22:50:27[restartedMain] [StandardEngine:173] - Starting Servlet engine: [Apache Tomcat/9.0.62]
INFO  23-06-21 22:50:27[restartedMain] [[/]:173] - Initializing Spring embedded WebApplicationContext
INFO  23-06-21 22:50:27[restartedMain] [ServletWebServerApplicationContext:290] - Root WebApplicationContext: initialization completed in 2100 ms
ERROR 23-06-21 22:50:27[restartedMain] [HikariConfig:1028] - HikariPool-1 - dataSource or dataSourceClassName or jdbcUrl is required.
WARN  23-06-21 22:50:27[restartedMain] [AnnotationConfigServletWebServerApplicationContext:591] - Exception encountered during context initialization - cancelling refresh attempt: org.springframework.beans.factory.BeanCreationException: Error creating bean with name 'entityManagerFactory' defined in class path resource [org/springframework/boot/autoconfigure/orm/jpa/HibernateJpaConfiguration.class]: Bean instantiation via factory method failed; nested exception is org.springframework.beans.BeanInstantiationException: Failed to instantiate [org.springframework.orm.jpa.LocalContainerEntityManagerFactoryBean]: Factory method 'entityManagerFactory' threw exception; nested exception is java.lang.IllegalArgumentException: dataSource or dataSourceClassName or jdbcUrl is required.
INFO  23-06-21 22:50:27[restartedMain] [StandardService:173] - Stopping service [Tomcat]
INFO  23-06-21 22:50:27[restartedMain] [ConditionEvaluationReportLoggingListener:136] - 

Error starting ApplicationContext. To display the conditions report re-run your application with 'debug' enabled.
ERROR 23-06-21 22:50:27[restartedMain] [SpringApplication:830] - Application run failed
org.springframework.beans.factory.BeanCreationException: Error creating bean with name 'entityManagerFactory' defined in class path resource [org/springframework/boot/autoconfigure/orm/jpa/HibernateJpaConfiguration.class]: Bean instantiation via factory method failed; nested exception is org.springframework.beans.BeanInstantiationException: Failed to instantiate [org.springframework.orm.jpa.LocalContainerEntityManagerFactoryBean]: Factory method 'entityManagerFactory' threw exception; nested exception is java.lang.IllegalArgumentException: dataSource or dataSourceClassName or jdbcUrl is required.
	at org.springframework.beans.factory.support.ConstructorResolver.instantiate(ConstructorResolver.java:658)
	at org.springframework.beans.factory.support.ConstructorResolver.instantiateUsingFactoryMethod(ConstructorResolver.java:638)
	at org.springframework.beans.factory.support.AbstractAutowireCapableBeanFactory.instantiateUsingFactoryMethod(AbstractAutowireCapableBeanFactory.java:1352)
	at org.springframework.beans.factory.support.AbstractAutowireCapableBeanFactory.createBeanInstance(AbstractAutowireCapableBeanFactory.java:1195)
	at org.springframework.beans.factory.support.AbstractAutowireCapableBeanFactory.doCreateBean(AbstractAutowireCapableBeanFactory.java:582)
	at org.springframework.beans.factory.support.AbstractAutowireCapableBeanFactory.createBean(AbstractAutowireCapableBeanFactory.java:542)
	at org.springframework.beans.factory.support.AbstractBeanFactory.lambda$doGetBean$0(AbstractBeanFactory.java:335)
	at org.springframework.beans.factory.support.DefaultSingletonBeanRegistry.getSingleton(DefaultSingletonBeanRegistry.java:234)
	at org.springframework.beans.factory.support.AbstractBeanFactory.doGetBean(AbstractBeanFactory.java:333)
	at org.springframework.beans.factory.support.AbstractBeanFactory.getBean(AbstractBeanFactory.java:208)
	at org.springframework.context.support.AbstractApplicationContext.getBean(AbstractApplicationContext.java:1154)
	at org.springframework.context.support.AbstractApplicationContext.finishBeanFactoryInitialization(AbstractApplicationContext.java:908)
	at org.springframework.context.support.AbstractApplicationContext.refresh(AbstractApplicationContext.java:583)
	at org.springframework.boot.web.servlet.context.ServletWebServerApplicationContext.refresh(ServletWebServerApplicationContext.java:145)
	at org.springframework.boot.SpringApplication.refresh(SpringApplication.java:740)
	at org.springframework.boot.SpringApplication.refreshContext(SpringApplication.java:415)
	at org.springframework.boot.SpringApplication.run(SpringApplication.java:303)
	at org.springframework.boot.SpringApplication.run(SpringApplication.java:1312)
	at org.springframework.boot.SpringApplication.run(SpringApplication.java:1301)
	at com.ltj.myboard.MyBoardApplication.main(MyBoardApplication.java:10)
	at java.base/jdk.internal.reflect.NativeMethodAccessorImpl.invoke0(Native Method)
	at java.base/jdk.internal.reflect.NativeMethodAccessorImpl.invoke(NativeMethodAccessorImpl.java:62)
	at java.base/jdk.internal.reflect.DelegatingMethodAccessorImpl.invoke(DelegatingMethodAccessorImpl.java:43)
	at java.base/java.lang.reflect.Method.invoke(Method.java:566)
	at org.springframework.boot.devtools.restart.RestartLauncher.run(RestartLauncher.java:49)
Caused by: org.springframework.beans.BeanInstantiationException: Failed to instantiate [org.springframework.orm.jpa.LocalContainerEntityManagerFactoryBean]: Factory method 'entityManagerFactory' threw exception; nested exception is java.lang.IllegalArgumentException: dataSource or dataSourceClassName or jdbcUrl is required.
	at org.springframework.beans.factory.support.SimpleInstantiationStrategy.instantiate(SimpleInstantiationStrategy.java:185)
	at org.springframework.beans.factory.support.ConstructorResolver.instantiate(ConstructorResolver.java:653)
	... 24 common frames omitted
Caused by: java.lang.IllegalArgumentException: dataSource or dataSourceClassName or jdbcUrl is required.
	at com.zaxxer.hikari.HikariConfig.validate(HikariConfig.java:1029)
	at com.zaxxer.hikari.HikariDataSource.getConnection(HikariDataSource.java:109)
	at org.springframework.jdbc.datasource.DataSourceUtils.fetchConnection(DataSourceUtils.java:159)
	at org.springframework.jdbc.datasource.DataSourceUtils.doGetConnection(DataSourceUtils.java:117)
	at org.springframework.jdbc.datasource.DataSourceUtils.getConnection(DataSourceUtils.java:80)
	at org.springframework.jdbc.core.JdbcTemplate.execute(JdbcTemplate.java:330)
	at org.springframework.boot.jdbc.EmbeddedDatabaseConnection.isEmbedded(EmbeddedDatabaseConnection.java:162)
	at org.springframework.boot.autoconfigure.orm.jpa.HibernateDefaultDdlAutoProvider.getDefaultDdlAuto(HibernateDefaultDdlAutoProvider.java:42)
	at org.springframework.boot.autoconfigure.orm.jpa.HibernateJpaConfiguration.lambda$getVendorProperties$1(HibernateJpaConfiguration.java:130)
	at org.springframework.boot.autoconfigure.orm.jpa.HibernateSettings.getDdlAuto(HibernateSettings.java:41)
	at org.springframework.boot.autoconfigure.orm.jpa.HibernateProperties.determineDdlAuto(HibernateProperties.java:143)
	at org.springframework.boot.autoconfigure.orm.jpa.HibernateProperties.getAdditionalProperties(HibernateProperties.java:103)
	at org.springframework.boot.autoconfigure.orm.jpa.HibernateProperties.determineHibernateProperties(HibernateProperties.java:95)
	at org.springframework.boot.autoconfigure.orm.jpa.HibernateJpaConfiguration.getVendorProperties(HibernateJpaConfiguration.java:132)
	at org.springframework.boot.autoconfigure.orm.jpa.JpaBaseConfiguration.entityManagerFactory(JpaBaseConfiguration.java:132)
	at java.base/jdk.internal.reflect.NativeMethodAccessorImpl.invoke0(Native Method)
	at java.base/jdk.internal.reflect.NativeMethodAccessorImpl.invoke(NativeMethodAccessorImpl.java:62)
	at java.base/jdk.internal.reflect.DelegatingMethodAccessorImpl.invoke(DelegatingMethodAccessorImpl.java:43)
	at java.base/java.lang.reflect.Method.invoke(Method.java:566)
	at org.springframework.beans.factory.support.SimpleInstantiationStrategy.instantiate(SimpleInstantiationStrategy.java:154)
	... 25 common frames omitted
INFO  23-06-21 22:51:53[restartedMain] [MyBoardApplication:55] - Starting MyBoardApplication using Java 11.0.16 on DESKTOP-6936PDD with PID 29540 (E:\Coding\MyBoard_Web\MyBoard\out\production\classes started by xocns in E:\Coding\MyBoard_Web\MyBoard)
INFO  23-06-21 22:51:53[restartedMain] [MyBoardApplication:640] - No active profile set, falling back to 1 default profile: "default"
INFO  23-06-21 22:51:53[restartedMain] [DevToolsPropertyDefaultsPostProcessor:255] - Devtools property defaults active! Set 'spring.devtools.add-properties' to 'false' to disable
INFO  23-06-21 22:51:53[restartedMain] [DevToolsPropertyDefaultsPostProcessor:255] - For additional web related logging consider setting the 'logging.level.web' property to 'DEBUG'
INFO  23-06-21 22:51:54[restartedMain] [RepositoryConfigurationDelegate:132] - Bootstrapping Spring Data JPA repositories in DEFAULT mode.
INFO  23-06-21 22:51:54[restartedMain] [RepositoryConfigurationDelegate:201] - Finished Spring Data repository scanning in 66 ms. Found 7 JPA repository interfaces.
INFO  23-06-21 22:51:55[restartedMain] [TomcatWebServer:108] - Tomcat initialized with port(s): 8080 (http)
INFO  23-06-21 22:51:55[restartedMain] [Http11NioProtocol:173] - Initializing ProtocolHandler ["http-nio-8080"]
INFO  23-06-21 22:51:55[restartedMain] [StandardService:173] - Starting service [Tomcat]
INFO  23-06-21 22:51:55[restartedMain] [StandardEngine:173] - Starting Servlet engine: [Apache Tomcat/9.0.62]
INFO  23-06-21 22:51:55[restartedMain] [[/]:173] - Initializing Spring embedded WebApplicationContext
INFO  23-06-21 22:51:55[restartedMain] [ServletWebServerApplicationContext:290] - Root WebApplicationContext: initialization completed in 2049 ms
INFO  23-06-21 22:51:55[restartedMain] [LogHelper:31] - HHH000204: Processing PersistenceUnitInfo [name: default]
INFO  23-06-21 22:51:55[restartedMain] [Version:44] - HHH000412: Hibernate ORM core version 5.6.8.Final
INFO  23-06-21 22:51:56[restartedMain] [Version:56] - HCANN000001: Hibernate Commons Annotations {5.1.2.Final}
INFO  23-06-21 22:51:56[restartedMain] [HikariDataSource:110] - HikariPool-1 - Starting...
INFO  23-06-21 22:51:56[restartedMain] [HikariDataSource:123] - HikariPool-1 - Start completed.
INFO  23-06-21 22:51:56[restartedMain] [Dialect:175] - HHH000400: Using dialect: org.hibernate.dialect.MySQL57Dialect
INFO  23-06-21 22:51:57[restartedMain] [JtaPlatformInitiator:52] - HHH000490: Using JtaPlatform implementation: [org.hibernate.engine.transaction.jta.platform.internal.NoJtaPlatform]
INFO  23-06-21 22:51:57[restartedMain] [LocalContainerEntityManagerFactoryBean:437] - Initialized JPA EntityManagerFactory for persistence unit 'default'
INFO  23-06-21 22:51:57[restartedMain] [DefaultSecurityFilterChain:55] - Will secure any request with [org.springframework.security.web.context.request.async.WebAsyncManagerIntegrationFilter@35d048bc, org.springframework.security.web.context.SecurityContextPersistenceFilter@299005e1, org.springframework.security.web.header.HeaderWriterFilter@5d4e6c4, org.springframework.security.web.authentication.logout.LogoutFilter@12d910c1, org.springframework.security.web.authentication.UsernamePasswordAuthenticationFilter@2060bd21, org.springframework.security.web.session.ConcurrentSessionFilter@3dfe5c1f, org.springframework.security.web.savedrequest.RequestCacheAwareFilter@6b837271, org.springframework.security.web.servletapi.SecurityContextHolderAwareRequestFilter@7f36c112, org.springframework.security.web.authentication.rememberme.RememberMeAuthenticationFilter@5c9d28fd, org.springframework.security.web.authentication.AnonymousAuthenticationFilter@44ca463a, org.springframework.security.web.session.SessionManagementFilter@41bb6416, org.springframework.security.web.access.ExceptionTranslationFilter@1a77aab3, org.springframework.security.web.access.intercept.FilterSecurityInterceptor@2302292a]
WARN  23-06-21 22:51:57[restartedMain] [JpaBaseConfiguration$JpaWebConfiguration:219] - spring.jpa.open-in-view is enabled by default. Therefore, database queries may be performed during view rendering. Explicitly configure spring.jpa.open-in-view to disable this warning
INFO  23-06-21 22:51:58[restartedMain] [OptionalLiveReloadServer:58] - LiveReload server is running on port 35729
INFO  23-06-21 22:51:58[restartedMain] [Http11NioProtocol:173] - Starting ProtocolHandler ["http-nio-8080"]
INFO  23-06-21 22:51:58[restartedMain] [TomcatWebServer:220] - Tomcat started on port(s): 8080 (http) with context path ''
INFO  23-06-21 22:51:58[restartedMain] [MyBoardApplication:61] - Started MyBoardApplication in 5.2 seconds (JVM running for 5.772)
INFO  23-06-21 22:52:01[SpringApplicationShutdownHook] [LocalContainerEntityManagerFactoryBean:651] - Closing JPA EntityManagerFactory for persistence unit 'default'
INFO  23-06-21 22:52:01[SpringApplicationShutdownHook] [HikariDataSource:350] - HikariPool-1 - Shutdown initiated...
INFO  23-06-21 22:52:01[SpringApplicationShutdownHook] [HikariDataSource:352] - HikariPool-1 - Shutdown completed.
INFO  23-06-21 22:52:18[restartedMain] [MyBoardApplication:55] - Starting MyBoardApplication using Java 11.0.16 on DESKTOP-6936PDD with PID 29404 (E:\Coding\MyBoard_Web\MyBoard\out\production\classes started by xocns in E:\Coding\MyBoard_Web\MyBoard)
INFO  23-06-21 22:52:18[restartedMain] [MyBoardApplication:640] - No active profile set, falling back to 1 default profile: "default"
INFO  23-06-21 22:52:18[restartedMain] [DevToolsPropertyDefaultsPostProcessor:255] - Devtools property defaults active! Set 'spring.devtools.add-properties' to 'false' to disable
INFO  23-06-21 22:52:18[restartedMain] [DevToolsPropertyDefaultsPostProcessor:255] - For additional web related logging consider setting the 'logging.level.web' property to 'DEBUG'
INFO  23-06-21 22:52:19[restartedMain] [RepositoryConfigurationDelegate:132] - Bootstrapping Spring Data JPA repositories in DEFAULT mode.
INFO  23-06-21 22:52:19[restartedMain] [RepositoryConfigurationDelegate:201] - Finished Spring Data repository scanning in 65 ms. Found 7 JPA repository interfaces.
INFO  23-06-21 22:52:20[restartedMain] [TomcatWebServer:108] - Tomcat initialized with port(s): 8080 (http)
INFO  23-06-21 22:52:20[restartedMain] [Http11NioProtocol:173] - Initializing ProtocolHandler ["http-nio-8080"]
INFO  23-06-21 22:52:20[restartedMain] [StandardService:173] - Starting service [Tomcat]
INFO  23-06-21 22:52:20[restartedMain] [StandardEngine:173] - Starting Servlet engine: [Apache Tomcat/9.0.62]
INFO  23-06-21 22:52:20[restartedMain] [[/]:173] - Initializing Spring embedded WebApplicationContext
INFO  23-06-21 22:52:20[restartedMain] [ServletWebServerApplicationContext:290] - Root WebApplicationContext: initialization completed in 2078 ms
INFO  23-06-21 22:52:20[restartedMain] [LogHelper:31] - HHH000204: Processing PersistenceUnitInfo [name: default]
INFO  23-06-21 22:52:20[restartedMain] [Version:44] - HHH000412: Hibernate ORM core version 5.6.8.Final
INFO  23-06-21 22:52:21[restartedMain] [Version:56] - HCANN000001: Hibernate Commons Annotations {5.1.2.Final}
INFO  23-06-21 22:52:21[restartedMain] [HikariDataSource:110] - HikariPool-1 - Starting...
INFO  23-06-21 22:52:21[restartedMain] [HikariDataSource:123] - HikariPool-1 - Start completed.
INFO  23-06-21 22:52:21[restartedMain] [Dialect:175] - HHH000400: Using dialect: org.hibernate.dialect.MySQL57Dialect
INFO  23-06-21 22:52:22[restartedMain] [JtaPlatformInitiator:52] - HHH000490: Using JtaPlatform implementation: [org.hibernate.engine.transaction.jta.platform.internal.NoJtaPlatform]
INFO  23-06-21 22:52:22[restartedMain] [LocalContainerEntityManagerFactoryBean:437] - Initialized JPA EntityManagerFactory for persistence unit 'default'
INFO  23-06-21 22:52:23[restartedMain] [DefaultSecurityFilterChain:55] - Will secure any request with [org.springframework.security.web.context.request.async.WebAsyncManagerIntegrationFilter@553ebc85, org.springframework.security.web.context.SecurityContextPersistenceFilter@4afa0162, org.springframework.security.web.header.HeaderWriterFilter@1cd1dc0d, org.springframework.security.web.authentication.logout.LogoutFilter@1513bcf0, org.springframework.security.web.authentication.UsernamePasswordAuthenticationFilter@5440b3d1, org.springframework.security.web.session.ConcurrentSessionFilter@74d30be2, org.springframework.security.web.savedrequest.RequestCacheAwareFilter@22bed49e, org.springframework.security.web.servletapi.SecurityContextHolderAwareRequestFilter@5d1c8cbc, org.springframework.security.web.authentication.rememberme.RememberMeAuthenticationFilter@7c1c0b5d, org.springframework.security.web.authentication.AnonymousAuthenticationFilter@6747bee4, org.springframework.security.web.session.SessionManagementFilter@35fcb327, org.springframework.security.web.access.ExceptionTranslationFilter@3a0ae38f, org.springframework.security.web.access.intercept.FilterSecurityInterceptor@84fa241]
WARN  23-06-21 22:52:23[restartedMain] [JpaBaseConfiguration$JpaWebConfiguration:219] - spring.jpa.open-in-view is enabled by default. Therefore, database queries may be performed during view rendering. Explicitly configure spring.jpa.open-in-view to disable this warning
INFO  23-06-21 22:52:23[restartedMain] [OptionalLiveReloadServer:58] - LiveReload server is running on port 35729
INFO  23-06-21 22:52:23[restartedMain] [Http11NioProtocol:173] - Starting ProtocolHandler ["http-nio-8080"]
INFO  23-06-21 22:52:23[restartedMain] [TomcatWebServer:220] - Tomcat started on port(s): 8080 (http) with context path ''
INFO  23-06-21 22:52:23[restartedMain] [MyBoardApplication:61] - Started MyBoardApplication in 5.499 seconds (JVM running for 6.067)
INFO  23-06-21 22:55:02[SpringApplicationShutdownHook] [LocalContainerEntityManagerFactoryBean:651] - Closing JPA EntityManagerFactory for persistence unit 'default'
INFO  23-06-21 22:55:02[SpringApplicationShutdownHook] [HikariDataSource:350] - HikariPool-1 - Shutdown initiated...
INFO  23-06-21 22:55:02[SpringApplicationShutdownHook] [HikariDataSource:352] - HikariPool-1 - Shutdown completed.
INFO  23-06-21 22:55:14[restartedMain] [MyBoardApplication:55] - Starting MyBoardApplication using Java 11.0.16 on DESKTOP-6936PDD with PID 17720 (E:\Coding\MyBoard_Web\MyBoard\out\production\classes started by xocns in E:\Coding\MyBoard_Web\MyBoard)
INFO  23-06-21 22:55:14[restartedMain] [MyBoardApplication:640] - No active profile set, falling back to 1 default profile: "default"
INFO  23-06-21 22:55:14[restartedMain] [DevToolsPropertyDefaultsPostProcessor:255] - Devtools property defaults active! Set 'spring.devtools.add-properties' to 'false' to disable
INFO  23-06-21 22:55:14[restartedMain] [DevToolsPropertyDefaultsPostProcessor:255] - For additional web related logging consider setting the 'logging.level.web' property to 'DEBUG'
INFO  23-06-21 22:55:15[restartedMain] [RepositoryConfigurationDelegate:132] - Bootstrapping Spring Data JPA repositories in DEFAULT mode.
INFO  23-06-21 22:55:15[restartedMain] [RepositoryConfigurationDelegate:201] - Finished Spring Data repository scanning in 63 ms. Found 7 JPA repository interfaces.
INFO  23-06-21 22:55:16[restartedMain] [TomcatWebServer:108] - Tomcat initialized with port(s): 8080 (http)
INFO  23-06-21 22:55:16[restartedMain] [Http11NioProtocol:173] - Initializing ProtocolHandler ["http-nio-8080"]
INFO  23-06-21 22:55:16[restartedMain] [StandardService:173] - Starting service [Tomcat]
INFO  23-06-21 22:55:16[restartedMain] [StandardEngine:173] - Starting Servlet engine: [Apache Tomcat/9.0.62]
INFO  23-06-21 22:55:16[restartedMain] [[/]:173] - Initializing Spring embedded WebApplicationContext
INFO  23-06-21 22:55:16[restartedMain] [ServletWebServerApplicationContext:290] - Root WebApplicationContext: initialization completed in 1966 ms
INFO  23-06-21 22:55:16[restartedMain] [LogHelper:31] - HHH000204: Processing PersistenceUnitInfo [name: default]
INFO  23-06-21 22:55:16[restartedMain] [Version:44] - HHH000412: Hibernate ORM core version 5.6.8.Final
INFO  23-06-21 22:55:16[restartedMain] [Version:56] - HCANN000001: Hibernate Commons Annotations {5.1.2.Final}
INFO  23-06-21 22:55:17[restartedMain] [HikariDataSource:110] - HikariPool-1 - Starting...
INFO  23-06-21 22:55:17[restartedMain] [HikariDataSource:123] - HikariPool-1 - Start completed.
INFO  23-06-21 22:55:17[restartedMain] [Dialect:175] - HHH000400: Using dialect: org.hibernate.dialect.MySQL57Dialect
INFO  23-06-21 22:55:18[restartedMain] [JtaPlatformInitiator:52] - HHH000490: Using JtaPlatform implementation: [org.hibernate.engine.transaction.jta.platform.internal.NoJtaPlatform]
INFO  23-06-21 22:55:18[restartedMain] [LocalContainerEntityManagerFactoryBean:437] - Initialized JPA EntityManagerFactory for persistence unit 'default'
INFO  23-06-21 22:55:18[restartedMain] [DefaultSecurityFilterChain:55] - Will secure any request with [org.springframework.security.web.context.request.async.WebAsyncManagerIntegrationFilter@16595caf, org.springframework.security.web.context.SecurityContextPersistenceFilter@2c147fb0, org.springframework.security.web.header.HeaderWriterFilter@6e936697, org.springframework.security.web.authentication.logout.LogoutFilter@369562ed, org.springframework.security.web.authentication.UsernamePasswordAuthenticationFilter@5c5d582c, org.springframework.security.web.session.ConcurrentSessionFilter@57bf3c16, org.springframework.security.web.savedrequest.RequestCacheAwareFilter@c0d46de, org.springframework.security.web.servletapi.SecurityContextHolderAwareRequestFilter@63c2595b, org.springframework.security.web.authentication.rememberme.RememberMeAuthenticationFilter@72cec9bc, org.springframework.security.web.authentication.AnonymousAuthenticationFilter@71735605, org.springframework.security.web.session.SessionManagementFilter@527d350a, org.springframework.security.web.access.ExceptionTranslationFilter@72d50a34, org.springframework.security.web.access.intercept.FilterSecurityInterceptor@1aa7f22f]
WARN  23-06-21 22:55:18[restartedMain] [JpaBaseConfiguration$JpaWebConfiguration:219] - spring.jpa.open-in-view is enabled by default. Therefore, database queries may be performed during view rendering. Explicitly configure spring.jpa.open-in-view to disable this warning
INFO  23-06-21 22:55:19[restartedMain] [OptionalLiveReloadServer:58] - LiveReload server is running on port 35729
INFO  23-06-21 22:55:19[restartedMain] [TomcatWebServer:220] - Tomcat started on port(s): 8080 (http) with context path ''
INFO  23-06-21 22:55:19[restartedMain] [MyBoardApplication:61] - Started MyBoardApplication in 5.159 seconds (JVM running for 15.762)
INFO  23-06-21 22:55:19[SpringApplicationShutdownHook] [LocalContainerEntityManagerFactoryBean:651] - Closing JPA EntityManagerFactory for persistence unit 'default'
INFO  23-06-21 22:55:19[SpringApplicationShutdownHook] [HikariDataSource:350] - HikariPool-1 - Shutdown initiated...
INFO  23-06-21 22:55:20[SpringApplicationShutdownHook] [HikariDataSource:352] - HikariPool-1 - Shutdown completed.
INFO  23-06-21 22:55:57[restartedMain] [MyBoardApplication:55] - Starting MyBoardApplication using Java 11.0.16 on DESKTOP-6936PDD with PID 11364 (E:\Coding\MyBoard_Web\MyBoard\out\production\classes started by xocns in E:\Coding\MyBoard_Web\MyBoard)
INFO  23-06-21 22:55:57[restartedMain] [MyBoardApplication:640] - No active profile set, falling back to 1 default profile: "default"
INFO  23-06-21 22:55:58[restartedMain] [DevToolsPropertyDefaultsPostProcessor:255] - Devtools property defaults active! Set 'spring.devtools.add-properties' to 'false' to disable
INFO  23-06-21 22:55:58[restartedMain] [DevToolsPropertyDefaultsPostProcessor:255] - For additional web related logging consider setting the 'logging.level.web' property to 'DEBUG'
INFO  23-06-21 22:55:58[restartedMain] [RepositoryConfigurationDelegate:132] - Bootstrapping Spring Data JPA repositories in DEFAULT mode.
INFO  23-06-21 22:55:58[restartedMain] [RepositoryConfigurationDelegate:201] - Finished Spring Data repository scanning in 66 ms. Found 7 JPA repository interfaces.
INFO  23-06-21 22:55:59[restartedMain] [TomcatWebServer:108] - Tomcat initialized with port(s): 8080 (http)
INFO  23-06-21 22:55:59[restartedMain] [Http11NioProtocol:173] - Initializing ProtocolHandler ["http-nio-8080"]
INFO  23-06-21 22:55:59[restartedMain] [StandardService:173] - Starting service [Tomcat]
INFO  23-06-21 22:55:59[restartedMain] [StandardEngine:173] - Starting Servlet engine: [Apache Tomcat/9.0.62]
INFO  23-06-21 22:56:00[restartedMain] [[/]:173] - Initializing Spring embedded WebApplicationContext
INFO  23-06-21 22:56:00[restartedMain] [ServletWebServerApplicationContext:290] - Root WebApplicationContext: initialization completed in 2041 ms
INFO  23-06-21 22:56:00[restartedMain] [LogHelper:31] - HHH000204: Processing PersistenceUnitInfo [name: default]
INFO  23-06-21 22:56:00[restartedMain] [Version:44] - HHH000412: Hibernate ORM core version 5.6.8.Final
INFO  23-06-21 22:56:00[restartedMain] [Version:56] - HCANN000001: Hibernate Commons Annotations {5.1.2.Final}
INFO  23-06-21 22:56:00[restartedMain] [HikariDataSource:110] - HikariPool-1 - Starting...
INFO  23-06-21 22:56:00[restartedMain] [HikariDataSource:123] - HikariPool-1 - Start completed.
INFO  23-06-21 22:56:00[restartedMain] [Dialect:175] - HHH000400: Using dialect: org.hibernate.dialect.MySQL57Dialect
INFO  23-06-21 22:56:01[restartedMain] [JtaPlatformInitiator:52] - HHH000490: Using JtaPlatform implementation: [org.hibernate.engine.transaction.jta.platform.internal.NoJtaPlatform]
INFO  23-06-21 22:56:01[restartedMain] [LocalContainerEntityManagerFactoryBean:437] - Initialized JPA EntityManagerFactory for persistence unit 'default'
INFO  23-06-21 22:56:02[restartedMain] [DefaultSecurityFilterChain:55] - Will secure any request with [org.springframework.security.web.context.request.async.WebAsyncManagerIntegrationFilter@5c9e6e2e, org.springframework.security.web.context.SecurityContextPersistenceFilter@38e68ef4, org.springframework.security.web.header.HeaderWriterFilter@62cd8927, org.springframework.security.web.authentication.logout.LogoutFilter@3fa58e85, org.springframework.security.web.authentication.UsernamePasswordAuthenticationFilter@e71ad18, org.springframework.security.web.session.ConcurrentSessionFilter@8baf67c, org.springframework.security.web.savedrequest.RequestCacheAwareFilter@57d21f0e, org.springframework.security.web.servletapi.SecurityContextHolderAwareRequestFilter@565e8b76, org.springframework.security.web.authentication.rememberme.RememberMeAuthenticationFilter@49823a1a, org.springframework.security.web.authentication.AnonymousAuthenticationFilter@543773b6, org.springframework.security.web.session.SessionManagementFilter@93acaa2, org.springframework.security.web.access.ExceptionTranslationFilter@2adf892d, org.springframework.security.web.access.intercept.FilterSecurityInterceptor@11910000]
WARN  23-06-21 22:56:02[restartedMain] [JpaBaseConfiguration$JpaWebConfiguration:219] - spring.jpa.open-in-view is enabled by default. Therefore, database queries may be performed during view rendering. Explicitly configure spring.jpa.open-in-view to disable this warning
INFO  23-06-21 22:56:02[restartedMain] [OptionalLiveReloadServer:58] - LiveReload server is running on port 35729
INFO  23-06-21 22:56:02[restartedMain] [TomcatWebServer:220] - Tomcat started on port(s): 8080 (http) with context path ''
INFO  23-06-21 22:56:02[restartedMain] [MyBoardApplication:61] - Started MyBoardApplication in 5.285 seconds (JVM running for 9.474)
INFO  23-06-21 22:56:03[SpringApplicationShutdownHook] [LocalContainerEntityManagerFactoryBean:651] - Closing JPA EntityManagerFactory for persistence unit 'default'
INFO  23-06-21 22:56:03[SpringApplicationShutdownHook] [HikariDataSource:350] - HikariPool-1 - Shutdown initiated...
INFO  23-06-21 22:56:03[SpringApplicationShutdownHook] [HikariDataSource:352] - HikariPool-1 - Shutdown completed.
INFO  23-06-21 22:56:40[restartedMain] [MyBoardApplication:55] - Starting MyBoardApplication using Java 11.0.16 on DESKTOP-6936PDD with PID 1672 (E:\Coding\MyBoard_Web\MyBoard\out\production\classes started by xocns in E:\Coding\MyBoard_Web\MyBoard)
INFO  23-06-21 22:56:40[restartedMain] [MyBoardApplication:640] - No active profile set, falling back to 1 default profile: "default"
INFO  23-06-21 22:56:40[restartedMain] [DevToolsPropertyDefaultsPostProcessor:255] - Devtools property defaults active! Set 'spring.devtools.add-properties' to 'false' to disable
INFO  23-06-21 22:56:40[restartedMain] [DevToolsPropertyDefaultsPostProcessor:255] - For additional web related logging consider setting the 'logging.level.web' property to 'DEBUG'
INFO  23-06-21 22:56:40[restartedMain] [RepositoryConfigurationDelegate:132] - Bootstrapping Spring Data JPA repositories in DEFAULT mode.
INFO  23-06-21 22:56:40[restartedMain] [RepositoryConfigurationDelegate:201] - Finished Spring Data repository scanning in 67 ms. Found 7 JPA repository interfaces.
INFO  23-06-21 22:56:42[restartedMain] [TomcatWebServer:108] - Tomcat initialized with port(s): 8080 (http)
INFO  23-06-21 22:56:42[restartedMain] [Http11NioProtocol:173] - Initializing ProtocolHandler ["http-nio-8080"]
INFO  23-06-21 22:56:42[restartedMain] [StandardService:173] - Starting service [Tomcat]
INFO  23-06-21 22:56:42[restartedMain] [StandardEngine:173] - Starting Servlet engine: [Apache Tomcat/9.0.62]
INFO  23-06-21 22:56:42[restartedMain] [[/]:173] - Initializing Spring embedded WebApplicationContext
INFO  23-06-21 22:56:42[restartedMain] [ServletWebServerApplicationContext:290] - Root WebApplicationContext: initialization completed in 2045 ms
INFO  23-06-21 22:56:42[restartedMain] [LogHelper:31] - HHH000204: Processing PersistenceUnitInfo [name: default]
INFO  23-06-21 22:56:42[restartedMain] [Version:44] - HHH000412: Hibernate ORM core version 5.6.8.Final
INFO  23-06-21 22:56:42[restartedMain] [Version:56] - HCANN000001: Hibernate Commons Annotations {5.1.2.Final}
INFO  23-06-21 22:56:42[restartedMain] [HikariDataSource:110] - HikariPool-1 - Starting...
INFO  23-06-21 22:56:43[restartedMain] [HikariDataSource:123] - HikariPool-1 - Start completed.
INFO  23-06-21 22:56:43[restartedMain] [Dialect:175] - HHH000400: Using dialect: org.hibernate.dialect.MySQL57Dialect
INFO  23-06-21 22:56:43[restartedMain] [JtaPlatformInitiator:52] - HHH000490: Using JtaPlatform implementation: [org.hibernate.engine.transaction.jta.platform.internal.NoJtaPlatform]
INFO  23-06-21 22:56:43[restartedMain] [LocalContainerEntityManagerFactoryBean:437] - Initialized JPA EntityManagerFactory for persistence unit 'default'
INFO  23-06-21 22:56:44[restartedMain] [DefaultSecurityFilterChain:55] - Will secure any request with [org.springframework.security.web.context.request.async.WebAsyncManagerIntegrationFilter@21611caa, org.springframework.security.web.context.SecurityContextPersistenceFilter@359e9293, org.springframework.security.web.header.HeaderWriterFilter@6b2f29d8, org.springframework.security.web.authentication.logout.LogoutFilter@2b9b96af, org.springframework.security.web.authentication.UsernamePasswordAuthenticationFilter@4b2e5f9, org.springframework.security.web.session.ConcurrentSessionFilter@2c0c52d2, org.springframework.security.web.savedrequest.RequestCacheAwareFilter@59dca6db, org.springframework.security.web.servletapi.SecurityContextHolderAwareRequestFilter@10a7461b, org.springframework.security.web.authentication.rememberme.RememberMeAuthenticationFilter@29658f21, org.springframework.security.web.authentication.AnonymousAuthenticationFilter@422cde46, org.springframework.security.web.session.SessionManagementFilter@22da5902, org.springframework.security.web.access.ExceptionTranslationFilter@5909906d, org.springframework.security.web.access.intercept.FilterSecurityInterceptor@506dfb9d]
WARN  23-06-21 22:56:44[restartedMain] [JpaBaseConfiguration$JpaWebConfiguration:219] - spring.jpa.open-in-view is enabled by default. Therefore, database queries may be performed during view rendering. Explicitly configure spring.jpa.open-in-view to disable this warning
INFO  23-06-21 22:56:44[restartedMain] [OptionalLiveReloadServer:58] - LiveReload server is running on port 35729
INFO  23-06-21 22:56:44[restartedMain] [TomcatWebServer:220] - Tomcat started on port(s): 8080 (http) with context path ''
INFO  23-06-21 22:56:44[restartedMain] [MyBoardApplication:61] - Started MyBoardApplication in 5.239 seconds (JVM running for 5.786)
INFO  23-06-21 22:56:45[SpringApplicationShutdownHook] [LocalContainerEntityManagerFactoryBean:651] - Closing JPA EntityManagerFactory for persistence unit 'default'
INFO  23-06-21 22:56:45[SpringApplicationShutdownHook] [HikariDataSource:350] - HikariPool-1 - Shutdown initiated...
INFO  23-06-21 22:56:45[SpringApplicationShutdownHook] [HikariDataSource:352] - HikariPool-1 - Shutdown completed.
INFO  23-06-21 22:58:28[restartedMain] [MyBoardApplication:55] - Starting MyBoardApplication using Java 11.0.16 on DESKTOP-6936PDD with PID 5640 (E:\Coding\MyBoard_Web\MyBoard\out\production\classes started by xocns in E:\Coding\MyBoard_Web\MyBoard)
INFO  23-06-21 22:58:28[restartedMain] [MyBoardApplication:640] - No active profile set, falling back to 1 default profile: "default"
INFO  23-06-21 22:58:28[restartedMain] [DevToolsPropertyDefaultsPostProcessor:255] - Devtools property defaults active! Set 'spring.devtools.add-properties' to 'false' to disable
INFO  23-06-21 22:58:28[restartedMain] [DevToolsPropertyDefaultsPostProcessor:255] - For additional web related logging consider setting the 'logging.level.web' property to 'DEBUG'
INFO  23-06-21 22:58:29[restartedMain] [RepositoryConfigurationDelegate:132] - Bootstrapping Spring Data JPA repositories in DEFAULT mode.
INFO  23-06-21 22:58:29[restartedMain] [RepositoryConfigurationDelegate:201] - Finished Spring Data repository scanning in 79 ms. Found 7 JPA repository interfaces.
INFO  23-06-21 22:58:30[restartedMain] [TomcatWebServer:108] - Tomcat initialized with port(s): 8080 (http)
INFO  23-06-21 22:58:30[restartedMain] [Http11NioProtocol:173] - Initializing ProtocolHandler ["http-nio-8080"]
INFO  23-06-21 22:58:30[restartedMain] [StandardService:173] - Starting service [Tomcat]
INFO  23-06-21 22:58:30[restartedMain] [StandardEngine:173] - Starting Servlet engine: [Apache Tomcat/9.0.62]
INFO  23-06-21 22:58:30[restartedMain] [[/]:173] - Initializing Spring embedded WebApplicationContext
INFO  23-06-21 22:58:30[restartedMain] [ServletWebServerApplicationContext:290] - Root WebApplicationContext: initialization completed in 2066 ms
INFO  23-06-21 22:58:30[restartedMain] [LogHelper:31] - HHH000204: Processing PersistenceUnitInfo [name: default]
INFO  23-06-21 22:58:30[restartedMain] [Version:44] - HHH000412: Hibernate ORM core version 5.6.8.Final
INFO  23-06-21 22:58:30[restartedMain] [Version:56] - HCANN000001: Hibernate Commons Annotations {5.1.2.Final}
INFO  23-06-21 22:58:30[restartedMain] [HikariDataSource:110] - HikariPool-1 - Starting...
INFO  23-06-21 22:58:31[restartedMain] [HikariDataSource:123] - HikariPool-1 - Start completed.
INFO  23-06-21 22:58:31[restartedMain] [Dialect:175] - HHH000400: Using dialect: org.hibernate.dialect.MySQL57Dialect
INFO  23-06-21 22:58:32[restartedMain] [JtaPlatformInitiator:52] - HHH000490: Using JtaPlatform implementation: [org.hibernate.engine.transaction.jta.platform.internal.NoJtaPlatform]
INFO  23-06-21 22:58:32[restartedMain] [LocalContainerEntityManagerFactoryBean:437] - Initialized JPA EntityManagerFactory for persistence unit 'default'
INFO  23-06-21 22:58:32[restartedMain] [DefaultSecurityFilterChain:55] - Will secure any request with [org.springframework.security.web.context.request.async.WebAsyncManagerIntegrationFilter@4b879abe, org.springframework.security.web.context.SecurityContextPersistenceFilter@238320af, org.springframework.security.web.header.HeaderWriterFilter@3e11f80c, org.springframework.security.web.authentication.logout.LogoutFilter@7fddb2d9, org.springframework.security.web.authentication.UsernamePasswordAuthenticationFilter@50dc4318, org.springframework.security.web.session.ConcurrentSessionFilter@176926b5, org.springframework.security.web.savedrequest.RequestCacheAwareFilter@6b27a3d5, org.springframework.security.web.servletapi.SecurityContextHolderAwareRequestFilter@69c3eb06, org.springframework.security.web.authentication.rememberme.RememberMeAuthenticationFilter@be79590, org.springframework.security.web.authentication.AnonymousAuthenticationFilter@7c88a67a, org.springframework.security.web.session.SessionManagementFilter@133fcef3, org.springframework.security.web.access.ExceptionTranslationFilter@63d8b4f2, org.springframework.security.web.access.intercept.FilterSecurityInterceptor@2257d66e]
WARN  23-06-21 22:58:33[restartedMain] [JpaBaseConfiguration$JpaWebConfiguration:219] - spring.jpa.open-in-view is enabled by default. Therefore, database queries may be performed during view rendering. Explicitly configure spring.jpa.open-in-view to disable this warning
INFO  23-06-21 22:58:33[restartedMain] [OptionalLiveReloadServer:58] - LiveReload server is running on port 35729
INFO  23-06-21 22:58:33[restartedMain] [TomcatWebServer:220] - Tomcat started on port(s): 8080 (http) with context path ''
INFO  23-06-21 22:58:33[restartedMain] [MyBoardApplication:61] - Started MyBoardApplication in 5.543 seconds (JVM running for 6.361)
INFO  23-06-21 22:58:34[SpringApplicationShutdownHook] [LocalContainerEntityManagerFactoryBean:651] - Closing JPA EntityManagerFactory for persistence unit 'default'
INFO  23-06-21 22:58:34[SpringApplicationShutdownHook] [HikariDataSource:350] - HikariPool-1 - Shutdown initiated...
INFO  23-06-21 22:58:34[SpringApplicationShutdownHook] [HikariDataSource:352] - HikariPool-1 - Shutdown completed.
INFO  23-06-21 22:59:03[restartedMain] [MyBoardApplication:55] - Starting MyBoardApplication using Java 11.0.16 on DESKTOP-6936PDD with PID 24844 (E:\Coding\MyBoard_Web\MyBoard\out\production\classes started by xocns in E:\Coding\MyBoard_Web\MyBoard)
INFO  23-06-21 22:59:03[restartedMain] [MyBoardApplication:640] - No active profile set, falling back to 1 default profile: "default"
INFO  23-06-21 22:59:03[restartedMain] [DevToolsPropertyDefaultsPostProcessor:255] - Devtools property defaults active! Set 'spring.devtools.add-properties' to 'false' to disable
INFO  23-06-21 22:59:03[restartedMain] [DevToolsPropertyDefaultsPostProcessor:255] - For additional web related logging consider setting the 'logging.level.web' property to 'DEBUG'
INFO  23-06-21 22:59:04[restartedMain] [RepositoryConfigurationDelegate:132] - Bootstrapping Spring Data JPA repositories in DEFAULT mode.
INFO  23-06-21 22:59:04[restartedMain] [RepositoryConfigurationDelegate:201] - Finished Spring Data repository scanning in 64 ms. Found 7 JPA repository interfaces.
INFO  23-06-21 22:59:05[restartedMain] [TomcatWebServer:108] - Tomcat initialized with port(s): 8080 (http)
INFO  23-06-21 22:59:05[restartedMain] [Http11NioProtocol:173] - Initializing ProtocolHandler ["http-nio-8080"]
INFO  23-06-21 22:59:05[restartedMain] [StandardService:173] - Starting service [Tomcat]
INFO  23-06-21 22:59:05[restartedMain] [StandardEngine:173] - Starting Servlet engine: [Apache Tomcat/9.0.62]
INFO  23-06-21 22:59:05[restartedMain] [[/]:173] - Initializing Spring embedded WebApplicationContext
INFO  23-06-21 22:59:05[restartedMain] [ServletWebServerApplicationContext:290] - Root WebApplicationContext: initialization completed in 2042 ms
INFO  23-06-21 22:59:05[restartedMain] [LogHelper:31] - HHH000204: Processing PersistenceUnitInfo [name: default]
INFO  23-06-21 22:59:05[restartedMain] [Version:44] - HHH000412: Hibernate ORM core version 5.6.8.Final
INFO  23-06-21 22:59:05[restartedMain] [Version:56] - HCANN000001: Hibernate Commons Annotations {5.1.2.Final}
INFO  23-06-21 22:59:05[restartedMain] [HikariDataSource:110] - HikariPool-1 - Starting...
INFO  23-06-21 22:59:06[restartedMain] [HikariDataSource:123] - HikariPool-1 - Start completed.
INFO  23-06-21 22:59:06[restartedMain] [Dialect:175] - HHH000400: Using dialect: org.hibernate.dialect.MySQL57Dialect
INFO  23-06-21 22:59:07[restartedMain] [JtaPlatformInitiator:52] - HHH000490: Using JtaPlatform implementation: [org.hibernate.engine.transaction.jta.platform.internal.NoJtaPlatform]
INFO  23-06-21 22:59:07[restartedMain] [LocalContainerEntityManagerFactoryBean:437] - Initialized JPA EntityManagerFactory for persistence unit 'default'
INFO  23-06-21 22:59:07[restartedMain] [DefaultSecurityFilterChain:55] - Will secure any request with [org.springframework.security.web.context.request.async.WebAsyncManagerIntegrationFilter@11ad5ed3, org.springframework.security.web.context.SecurityContextPersistenceFilter@60e92e36, org.springframework.security.web.header.HeaderWriterFilter@24f5518c, org.springframework.security.web.authentication.logout.LogoutFilter@16eea7bb, org.springframework.security.web.authentication.UsernamePasswordAuthenticationFilter@1a2661b7, org.springframework.security.web.session.ConcurrentSessionFilter@28fee201, org.springframework.security.web.savedrequest.RequestCacheAwareFilter@37167f8c, org.springframework.security.web.servletapi.SecurityContextHolderAwareRequestFilter@234732a7, org.springframework.security.web.authentication.rememberme.RememberMeAuthenticationFilter@651daa8b, org.springframework.security.web.authentication.AnonymousAuthenticationFilter@270fb971, org.springframework.security.web.session.SessionManagementFilter@a2a98de, org.springframework.security.web.access.ExceptionTranslationFilter@22f47a08, org.springframework.security.web.access.intercept.FilterSecurityInterceptor@6ee03697]
WARN  23-06-21 22:59:07[restartedMain] [JpaBaseConfiguration$JpaWebConfiguration:219] - spring.jpa.open-in-view is enabled by default. Therefore, database queries may be performed during view rendering. Explicitly configure spring.jpa.open-in-view to disable this warning
INFO  23-06-21 22:59:08[restartedMain] [OptionalLiveReloadServer:58] - LiveReload server is running on port 35729
INFO  23-06-21 22:59:08[restartedMain] [TomcatWebServer:220] - Tomcat started on port(s): 8080 (http) with context path ''
INFO  23-06-21 22:59:08[restartedMain] [MyBoardApplication:61] - Started MyBoardApplication in 5.386 seconds (JVM running for 5.966)
INFO  23-06-21 22:59:09[SpringApplicationShutdownHook] [LocalContainerEntityManagerFactoryBean:651] - Closing JPA EntityManagerFactory for persistence unit 'default'
INFO  23-06-21 22:59:09[SpringApplicationShutdownHook] [HikariDataSource:350] - HikariPool-1 - Shutdown initiated...
INFO  23-06-21 22:59:09[SpringApplicationShutdownHook] [HikariDataSource:352] - HikariPool-1 - Shutdown completed.
